Warning: 'enable-features' is not in the list of known options, but still passed to Electron/Chromium.
node:events:497
      throw er; // Unhandled 'error' event
      ^

Error: EBADF: bad file descriptor, read
Emitted 'error' event on ReadStream instance at:
    at emitErrorNT (node:internal/streams/destroy:169:8)
    at errorOrDestroy (node:internal/streams/destroy:238:7)
    at node:internal/fs/streams:272:9
    at FSReqCallback.wrapper [as oncomplete] (node:fs:682:5) {
  errno: -9,
  code: 'EBADF',
  syscall: 'read'
}

Node.js v20.16.0
Warning: 'enable-features' is not in the list of known options, but still passed to Electron/Chromium.
node:events:497
      throw er; // Unhandled 'error' event
      ^

Error: EBADF: bad file descriptor, read
Emitted 'error' event on ReadStream instance at:
    at emitErrorNT (node:internal/streams/destroy:169:8)
    at errorOrDestroy (node:internal/streams/destroy:238:7)
    at node:internal/fs/streams:272:9
    at FSReqCallback.wrapper [as oncomplete] (node:fs:682:5) {
  errno: -9,
  code: 'EBADF',
  syscall: 'read'
}

Node.js v20.16.0
Gtk-Message: 18:55:35.966: Failed to load module "colorreload-gtk-module"
[2024-12-05 18:55:35.975] [error] Bar need to run under Wayland
Gtk-Message: 18:55:42.001: Failed to load module "colorreload-gtk-module"
[2024-12-05 18:55:42.002] [error] Bar need to run under Wayland
